c:\users\hedib\desktop\the fallen one\demosfml\x64\release\vc143.pdb
c:\users\hedib\desktop\the fallen one\demosfml\x64\release\particle.obj
c:\users\hedib\desktop\the fallen one\demosfml\x64\release\menu.obj
c:\users\hedib\desktop\the fallen one\demosfml\x64\release\map.obj
c:\users\hedib\desktop\the fallen one\demosfml\x64\release\main.obj
c:\users\hedib\desktop\the fallen one\demosfml\x64\release\indicator.obj
c:\users\hedib\desktop\the fallen one\demosfml\x64\release\hud.obj
c:\users\hedib\desktop\the fallen one\demosfml\x64\release\freezeframe.obj
c:\users\hedib\desktop\the fallen one\demosfml\x64\release\fading.obj
c:\users\hedib\desktop\the fallen one\demosfml\x64\release\deathstate.obj
c:\users\hedib\desktop\the fallen one\demosfml\x64\release\common.obj
c:\users\hedib\desktop\the fallen one\demosfml\x64\release\collide.obj
c:\users\hedib\desktop\the fallen one\demosfml\x64\release\camera.obj
c:\users\hedib\desktop\the fallen one\demosfml\x64\release\bosswar.obj
c:\users\hedib\desktop\the fallen one\demosfml\x64\release\bosspandemic.obj
c:\users\hedib\desktop\the fallen one\demosfml\x64\release\bossfaminesecondphase.obj
c:\users\hedib\desktop\the fallen one\demosfml\x64\release\bossfamine.obj
c:\users\hedib\desktop\the fallen one\demosfml\x64\release\bossdeath.obj
c:\users\hedib\desktop\the fallen one\demosfml\x64\release\background.obj
c:\users\hedib\desktop\the fallen one\demosfml\x64\release\animation.obj
c:\users\hedib\desktop\the fallen one\demosfml\x64\release\update.obj
c:\users\hedib\desktop\the fallen one\demosfml\x64\release\text.obj
c:\users\hedib\desktop\the fallen one\demosfml\x64\release\sound.obj
c:\users\hedib\desktop\the fallen one\demosfml\x64\release\sfmldebugdraw.obj
c:\users\hedib\desktop\the fallen one\demosfml\x64\release\player.obj
c:\users\hedib\desktop\the fallen one\demosfml\x64\release\pausemenu.obj
c:\users\hedib\desktop\the fallen one\x64\release\demosfml.exe
c:\users\hedib\desktop\the fallen one\x64\release\demosfml.pdb
c:\users\hedib\desktop\the fallen one\demosfml\x64\release\demosfml.ipdb
c:\users\hedib\desktop\the fallen one\demosfml\x64\release\demosfml.iobj
c:\users\hedib\desktop\the fallen one\demosfml\x64\release\demosfml.tlog\cl.command.1.tlog
c:\users\hedib\desktop\the fallen one\demosfml\x64\release\demosfml.tlog\cl.items.tlog
c:\users\hedib\desktop\the fallen one\demosfml\x64\release\demosfml.tlog\cl.read.1.tlog
c:\users\hedib\desktop\the fallen one\demosfml\x64\release\demosfml.tlog\cl.write.1.tlog
c:\users\hedib\desktop\the fallen one\demosfml\x64\release\demosfml.tlog\link.command.1.tlog
c:\users\hedib\desktop\the fallen one\demosfml\x64\release\demosfml.tlog\link.read.1.tlog
c:\users\hedib\desktop\the fallen one\demosfml\x64\release\demosfml.tlog\link.secondary.1.tlog
c:\users\hedib\desktop\the fallen one\demosfml\x64\release\demosfml.tlog\link.write.1.tlog
